<?xml version="1.0" encoding="UTF-8"?>
<robot generator="Robot 5.0 (Python 3.10.4 on win32)" generated="20220512 10:13:12.636" rpa="false" schemaversion="3">
<suite id="s1" name="Login Form" source="C:\qaninja\robot\web\tests\login_form.robot">
<test id="s1-t1" name="Login com sucesso" line="8">
<kw name="Nova sessão" library="base" type="SETUP">
<kw name="Open Browser" library="SeleniumLibrary">
<arg>${url}</arg>
<arg>chrome</arg>
<doc>Opens a new browser instance to the optional ``url``.</doc>
<msg timestamp="20220512 10:13:12.983" level="INFO">Opening browser 'chrome' to base url 'https://training-wheels-protocol.herokuapp.com'.</msg>
<status status="PASS" starttime="20220512 10:13:12.983" endtime="20220512 10:13:23.309"/>
</kw>
<status status="PASS" starttime="20220512 10:13:12.983" endtime="20220512 10:13:23.310"/>
</kw>
<kw name="Go To" library="SeleniumLibrary">
<arg>${url}/login</arg>
<doc>Navigates the current browser window to the provided ``url``.</doc>
<msg timestamp="20220512 10:13:23.311" level="INFO">Opening url 'https://training-wheels-protocol.herokuapp.com/login'</msg>
<status status="PASS" starttime="20220512 10:13:23.310" endtime="20220512 10:13:24.365"/>
</kw>
<kw name="Login With">
<arg>stark</arg>
<arg>jarvis!</arg>
<kw name="Input Text" library="SeleniumLibrary">
<arg>css:input[name=username]</arg>
<arg>${uname}</arg>
<doc>Types the given ``text`` into the text field identified by ``locator``.</doc>
<msg timestamp="20220512 10:13:24.369" level="INFO">Typing text 'stark' into text field 'css:input[name=username]'.</msg>
<status status="PASS" starttime="20220512 10:13:24.367" endtime="20220512 10:13:24.493"/>
</kw>
<kw name="Input Text" library="SeleniumLibrary">
<arg>css:input[name=password]</arg>
<arg>${pass}</arg>
<doc>Types the given ``text`` into the text field identified by ``locator``.</doc>
<msg timestamp="20220512 10:13:24.494" level="INFO">Typing text 'jarvis!' into text field 'css:input[name=password]'.</msg>
<status status="PASS" starttime="20220512 10:13:24.493" endtime="20220512 10:13:24.610"/>
</kw>
<kw name="Click Element" library="SeleniumLibrary">
<arg>class:btn-login</arg>
<doc>Click the element identified by ``locator``.</doc>
<msg timestamp="20220512 10:13:24.611" level="INFO">Clicking element 'class:btn-login'.</msg>
<status status="PASS" starttime="20220512 10:13:24.610" endtime="20220512 10:13:26.312"/>
</kw>
<status status="PASS" starttime="20220512 10:13:24.366" endtime="20220512 10:13:26.312"/>
</kw>
<kw name="Should See Logged User">
<arg>Tony Stark</arg>
<kw name="Page Should Contain" library="SeleniumLibrary">
<arg>Olá, ${full_name}. Você acessou a área logada!</arg>
<doc>Verifies that current page contains ``text``.</doc>
<msg timestamp="20220512 10:13:26.340" level="INFO">Current page contains text 'Olá, Tony Stark. Você acessou a área logada!'.</msg>
<status status="PASS" starttime="20220512 10:13:26.316" endtime="20220512 10:13:26.340"/>
</kw>
<status status="PASS" starttime="20220512 10:13:26.314" endtime="20220512 10:13:26.341"/>
</kw>
<kw name="Encerra sessão" library="base" type="TEARDOWN">
<kw name="Capture Page Screenshot" library="SeleniumLibrary">
<doc>Takes a screenshot of the current page and embeds it into a log file.</doc>
<msg timestamp="20220512 10:13:26.515" level="INFO" html="true">&lt;/td&gt;&lt;/tr&gt;&lt;tr&gt;&lt;td colspan="3"&gt;&lt;a href="selenium-screenshot-33.png"&gt;&lt;img src="selenium-screenshot-33.png" width="800px"&gt;&lt;/a&gt;</msg>
<status status="PASS" starttime="20220512 10:13:26.342" endtime="20220512 10:13:26.515"/>
</kw>
<kw name="Close Browser" library="SeleniumLibrary">
<doc>Closes the current browser.</doc>
<status status="PASS" starttime="20220512 10:13:26.515" endtime="20220512 10:13:28.777"/>
</kw>
<status status="PASS" starttime="20220512 10:13:26.341" endtime="20220512 10:13:28.777"/>
</kw>
<status status="PASS" starttime="20220512 10:13:12.983" endtime="20220512 10:13:28.777"/>
</test>
<test id="s1-t2" name="Senha inválida" line="14">
<kw name="Nova sessão" library="base" type="SETUP">
<kw name="Open Browser" library="SeleniumLibrary">
<arg>${url}</arg>
<arg>chrome</arg>
<doc>Opens a new browser instance to the optional ``url``.</doc>
<msg timestamp="20220512 10:13:28.777" level="INFO">Opening browser 'chrome' to base url 'https://training-wheels-protocol.herokuapp.com'.</msg>
<status status="PASS" starttime="20220512 10:13:28.777" endtime="20220512 10:13:36.428"/>
</kw>
<status status="PASS" starttime="20220512 10:13:28.777" endtime="20220512 10:13:36.429"/>
</kw>
<kw name="Go To" library="SeleniumLibrary">
<arg>${url}/login</arg>
<doc>Navigates the current browser window to the provided ``url``.</doc>
<msg timestamp="20220512 10:13:36.432" level="INFO">Opening url 'https://training-wheels-protocol.herokuapp.com/login'</msg>
<status status="PASS" starttime="20220512 10:13:36.430" endtime="20220512 10:13:37.509"/>
</kw>
<kw name="Login With">
<arg>stark</arg>
<arg>acb123</arg>
<kw name="Input Text" library="SeleniumLibrary">
<arg>css:input[name=username]</arg>
<arg>${uname}</arg>
<doc>Types the given ``text`` into the text field identified by ``locator``.</doc>
<msg timestamp="20220512 10:13:37.512" level="INFO">Typing text 'stark' into text field 'css:input[name=username]'.</msg>
<status status="PASS" starttime="20220512 10:13:37.511" endtime="20220512 10:13:37.630"/>
</kw>
<kw name="Input Text" library="SeleniumLibrary">
<arg>css:input[name=password]</arg>
<arg>${pass}</arg>
<doc>Types the given ``text`` into the text field identified by ``locator``.</doc>
<msg timestamp="20220512 10:13:37.631" level="INFO">Typing text 'acb123' into text field 'css:input[name=password]'.</msg>
<status status="PASS" starttime="20220512 10:13:37.631" endtime="20220512 10:13:37.747"/>
</kw>
<kw name="Click Element" library="SeleniumLibrary">
<arg>class:btn-login</arg>
<doc>Click the element identified by ``locator``.</doc>
<msg timestamp="20220512 10:13:37.748" level="INFO">Clicking element 'class:btn-login'.</msg>
<status status="PASS" starttime="20220512 10:13:37.748" endtime="20220512 10:13:38.310"/>
</kw>
<status status="PASS" starttime="20220512 10:13:37.509" endtime="20220512 10:13:38.310"/>
</kw>
<kw name="Should Contain Login Alert">
<arg>Senha é invalida!</arg>
<kw name="Get WebElement" library="SeleniumLibrary">
<var>${message}</var>
<arg>id:flash</arg>
<doc>Returns the first WebElement matching the given ``locator``.</doc>
<msg timestamp="20220512 10:13:38.329" level="INFO">${message} = &lt;selenium.webdriver.remote.webelement.WebElement (session="1449a1ff4b97886293677b70908d1e01", element="f15c7cfe-9e0b-4913-9ad7-ecd158d48f9c")&gt;</msg>
<status status="PASS" starttime="20220512 10:13:38.311" endtime="20220512 10:13:38.329"/>
</kw>
<kw name="Should Contain" library="BuiltIn">
<arg>${message.text}</arg>
<arg>${expect_message}</arg>
<doc>Fails if ``container`` does not contain ``item`` one or more times.</doc>
<status status="PASS" starttime="20220512 10:13:38.330" endtime="20220512 10:13:38.349"/>
</kw>
<status status="PASS" starttime="20220512 10:13:38.311" endtime="20220512 10:13:38.349"/>
</kw>
<kw name="Encerra sessão" library="base" type="TEARDOWN">
<kw name="Capture Page Screenshot" library="SeleniumLibrary">
<doc>Takes a screenshot of the current page and embeds it into a log file.</doc>
<msg timestamp="20220512 10:13:38.564" level="INFO" html="true">&lt;/td&gt;&lt;/tr&gt;&lt;tr&gt;&lt;td colspan="3"&gt;&lt;a href="selenium-screenshot-34.png"&gt;&lt;img src="selenium-screenshot-34.png" width="800px"&gt;&lt;/a&gt;</msg>
<status status="PASS" starttime="20220512 10:13:38.351" endtime="20220512 10:13:38.564"/>
</kw>
<kw name="Close Browser" library="SeleniumLibrary">
<doc>Closes the current browser.</doc>
<status status="PASS" starttime="20220512 10:13:38.564" endtime="20220512 10:13:40.778"/>
</kw>
<status status="PASS" starttime="20220512 10:13:38.350" endtime="20220512 10:13:40.778"/>
</kw>
<tag>login_error</tag>
<status status="PASS" starttime="20220512 10:13:28.777" endtime="20220512 10:13:40.778"/>
</test>
<test id="s1-t3" name="Usuário não existe" line="21">
<kw name="Nova sessão" library="base" type="SETUP">
<kw name="Open Browser" library="SeleniumLibrary">
<arg>${url}</arg>
<arg>chrome</arg>
<doc>Opens a new browser instance to the optional ``url``.</doc>
<msg timestamp="20220512 10:13:40.778" level="INFO">Opening browser 'chrome' to base url 'https://training-wheels-protocol.herokuapp.com'.</msg>
<status status="PASS" starttime="20220512 10:13:40.778" endtime="20220512 10:13:46.956"/>
</kw>
<status status="PASS" starttime="20220512 10:13:40.778" endtime="20220512 10:13:46.956"/>
</kw>
<kw name="Go To" library="SeleniumLibrary">
<arg>${url}/login</arg>
<doc>Navigates the current browser window to the provided ``url``.</doc>
<msg timestamp="20220512 10:13:46.957" level="INFO">Opening url 'https://training-wheels-protocol.herokuapp.com/login'</msg>
<status status="PASS" starttime="20220512 10:13:46.957" endtime="20220512 10:13:47.891"/>
</kw>
<kw name="Login With">
<arg>vanessa</arg>
<arg>123456</arg>
<kw name="Input Text" library="SeleniumLibrary">
<arg>css:input[name=username]</arg>
<arg>${uname}</arg>
<doc>Types the given ``text`` into the text field identified by ``locator``.</doc>
<msg timestamp="20220512 10:13:47.893" level="INFO">Typing text 'vanessa' into text field 'css:input[name=username]'.</msg>
<status status="PASS" starttime="20220512 10:13:47.892" endtime="20220512 10:13:48.026"/>
</kw>
<kw name="Input Text" library="SeleniumLibrary">
<arg>css:input[name=password]</arg>
<arg>${pass}</arg>
<doc>Types the given ``text`` into the text field identified by ``locator``.</doc>
<msg timestamp="20220512 10:13:48.026" level="INFO">Typing text '123456' into text field 'css:input[name=password]'.</msg>
<status status="PASS" starttime="20220512 10:13:48.026" endtime="20220512 10:13:48.142"/>
</kw>
<kw name="Click Element" library="SeleniumLibrary">
<arg>class:btn-login</arg>
<doc>Click the element identified by ``locator``.</doc>
<msg timestamp="20220512 10:13:48.143" level="INFO">Clicking element 'class:btn-login'.</msg>
<status status="PASS" starttime="20220512 10:13:48.143" endtime="20220512 10:13:48.862"/>
</kw>
<status status="PASS" starttime="20220512 10:13:47.892" endtime="20220512 10:13:48.862"/>
</kw>
<kw name="Should Contain Login Alert">
<arg>O usuário informado não está cadastrado!</arg>
<kw name="Get WebElement" library="SeleniumLibrary">
<var>${message}</var>
<arg>id:flash</arg>
<doc>Returns the first WebElement matching the given ``locator``.</doc>
<msg timestamp="20220512 10:13:48.885" level="INFO">${message} = &lt;selenium.webdriver.remote.webelement.WebElement (session="0a313ab3bbcae3cfd8c855aef10ff75d", element="1b2f7bca-6510-4270-ba2e-65ebe01e4040")&gt;</msg>
<status status="PASS" starttime="20220512 10:13:48.863" endtime="20220512 10:13:48.886"/>
</kw>
<kw name="Should Contain" library="BuiltIn">
<arg>${message.text}</arg>
<arg>${expect_message}</arg>
<doc>Fails if ``container`` does not contain ``item`` one or more times.</doc>
<status status="PASS" starttime="20220512 10:13:48.886" endtime="20220512 10:13:48.907"/>
</kw>
<status status="PASS" starttime="20220512 10:13:48.863" endtime="20220512 10:13:48.907"/>
</kw>
<kw name="Encerra sessão" library="base" type="TEARDOWN">
<kw name="Capture Page Screenshot" library="SeleniumLibrary">
<doc>Takes a screenshot of the current page and embeds it into a log file.</doc>
<msg timestamp="20220512 10:13:49.115" level="INFO" html="true">&lt;/td&gt;&lt;/tr&gt;&lt;tr&gt;&lt;td colspan="3"&gt;&lt;a href="selenium-screenshot-35.png"&gt;&lt;img src="selenium-screenshot-35.png" width="800px"&gt;&lt;/a&gt;</msg>
<status status="PASS" starttime="20220512 10:13:48.908" endtime="20220512 10:13:49.115"/>
</kw>
<kw name="Close Browser" library="SeleniumLibrary">
<doc>Closes the current browser.</doc>
<status status="PASS" starttime="20220512 10:13:49.115" endtime="20220512 10:13:51.323"/>
</kw>
<status status="PASS" starttime="20220512 10:13:48.907" endtime="20220512 10:13:51.323"/>
</kw>
<tag>login_user404</tag>
<status status="PASS" starttime="20220512 10:13:40.778" endtime="20220512 10:13:51.323"/>
</test>
<status status="PASS" starttime="20220512 10:13:12.636" endtime="20220512 10:13:51.323"/>
</suite>
<statistics>
<total>
<stat pass="3" fail="0" skip="0">All Tests</stat>
</total>
<tag>
<stat pass="1" fail="0" skip="0">login_error</stat>
<stat pass="1" fail="0" skip="0">login_user404</stat>
</tag>
<suite>
<stat pass="3" fail="0" skip="0" id="s1" name="Login Form">Login Form</stat>
</suite>
</statistics>
<errors>
</errors>
</robot>
